2024-08-09T17:57:06.960592 I/O error on POST request for "http://localhost:8080/register": Connection refused: connect; nested exception is java.net.ConnectException: Connection refused: connect
2024-08-09T17:58:49.4774118 I/O error on POST request for "http://localhost:8080/login": Connection refused: connect; nested exception is java.net.ConnectException: Connection refused: connect
2024-08-09T21:23:38.5285877 401 : [no body]
2024-08-09T22:18:42.2069065 401 : [{"timestamp":"2024-08-10T05:18:42.190+00:00","status":401,"error":"Unauthorized","message":"Full authentication is required to access this resource","path":"/accounts/"}]
2024-08-09T22:19:30.1787847 401 : [{"timestamp":"2024-08-10T05:19:30.176+00:00","status":401,"error":"Unauthorized","message":"Full authentication is required to access this resource","path":"/accounts/"}]
2024-08-09T22:20:38.4009529 401 : [{"timestamp":"2024-08-10T05:20:38.385+00:00","status":401,"error":"Unauthorized","message":"Full authentication is required to access this resource","path":"/accounts"}]
2024-08-09T22:20:39.9817929 401 : [{"timestamp":"2024-08-10T05:20:39.979+00:00","status":401,"error":"Unauthorized","message":"Full authentication is required to access this resource","path":"/accounts"}]
2024-08-09T22:33:57.1358395 401 : [{"timestamp":"2024-08-10T05:33:57.113+00:00","status":401,"error":"Unauthorized","message":"Full authentication is required to access this resource","path":"/accounts/"}]
2024-08-09T22:34:05.9459787 401 : [{"timestamp":"2024-08-10T05:34:05.944+00:00","status":401,"error":"Unauthorized","message":"Full authentication is required to access this resource","path":"/accounts/"}]
2024-08-09T22:35:37.925149 401 : [{"timestamp":"2024-08-10T05:35:37.911+00:00","status":401,"error":"Unauthorized","message":"Full authentication is required to access this resource","path":"/accounts/"}]
2024-08-09T22:37:05.4041698 401 : [{"timestamp":"2024-08-10T05:37:05.390+00:00","status":401,"error":"Unauthorized","message":"Full authentication is required to access this resource","path":"/accounts/"}]
2024-08-09T22:46:01.5692447 404 : [{"timestamp":"2024-08-10T05:46:01.552+00:00","status":404,"error":"Not Found","message":"Account not found","path":"/accounts/1001"}]
2024-08-09T22:46:42.5609414 404 : [{"timestamp":"2024-08-10T05:46:42.548+00:00","status":404,"error":"Not Found","message":"Account not found","path":"/accounts/1001"}]
2024-08-09T23:04:40.54946 I/O error on POST request for "http://localhost:8080/login": Connection refused: connect; nested exception is java.net.ConnectException: Connection refused: connect
2024-08-09T23:04:50.5982922 I/O error on POST request for "http://localhost:8080/login": Connection refused: connect; nested exception is java.net.ConnectException: Connection refused: connect
2024-08-09T23:09:45.8843996 400 : [{"timestamp":"2024-08-10T06:09:45.871+00:00","status":400,"error":"Bad Request","message":"Required int parameter 'id' is not present","path":"/accounts/"}]
2024-08-09T23:11:16.8415244 400 : [{"timestamp":"2024-08-10T06:11:16.831+00:00","status":400,"error":"Bad Request","message":"Required int parameter 'id' is not present","path":"/accounts"}]
2024-08-09T23:14:18.3187283 400 : [{"timestamp":"2024-08-10T06:14:18.307+00:00","status":400,"error":"Bad Request","message":"Required int parameter 'id' is not present","path":"/accounts"}]
2024-08-09T23:15:08.2762919 400 : [{"timestamp":"2024-08-10T06:15:08.264+00:00","status":400,"error":"Bad Request","message":"Required int parameter 'id' is not present","path":"/accounts"}]
2024-08-09T23:16:42.1855254 400 : [{"timestamp":"2024-08-10T06:16:42.171+00:00","status":400,"error":"Bad Request","message":"Required int parameter 'id' is not present","path":"/accounts"}]
2024-08-09T23:18:28.5857074 400 : [{"timestamp":"2024-08-10T06:18:28.572+00:00","status":400,"error":"Bad Request","message":"Required int parameter 'id' is not present","path":"/accounts"}]
2024-08-09T23:23:37.0444491 400 : [{"timestamp":"2024-08-10T06:23:37.031+00:00","status":400,"error":"Bad Request","message":"Required int parameter 'id' is not present","path":"/accounts"}]
2024-08-09T23:24:11.7706303 400 : [{"timestamp":"2024-08-10T06:24:11.757+00:00","status":400,"error":"Bad Request","message":"Required int parameter 'id' is not present","path":"/accounts"}]
2024-08-09T23:28:12.7276991 400 : [{"timestamp":"2024-08-10T06:28:12.713+00:00","status":400,"error":"Bad Request","message":"Required int parameter 'id' is not present","path":"/accounts"}]
2024-08-09T23:29:04.3422522 400 : [{"timestamp":"2024-08-10T06:29:04.327+00:00","status":400,"error":"Bad Request","message":"Required int parameter 'id' is not present","path":"/accounts"}]
2024-08-09T23:34:23.4468705 400 : [{"timestamp":"2024-08-10T06:34:23.433+00:00","status":400,"error":"Bad Request","message":"Required int parameter 'id' is not present","path":"/accounts"}]
2024-08-09T23:35:31.4343267 400 : [{"timestamp":"2024-08-10T06:35:31.422+00:00","status":400,"error":"Bad Request","message":"Required int parameter 'id' is not present","path":"/accounts"}]
2024-08-09T23:43:46.76256 400 : [{"timestamp":"2024-08-10T06:43:46.747+00:00","status":400,"error":"Bad Request","message":"Required int parameter 'id' is not present","path":"/accounts"}]
2024-08-09T23:46:35.0713979 404 : [{"timestamp":"2024-08-10T06:46:35.058+00:00","status":404,"error":"Not Found","message":"No message available","path":"/accounts"}]
2024-08-09T23:47:13.6711373 400 : [{"timestamp":"2024-08-10T06:47:13.657+00:00","status":400,"error":"Bad Request","message":"Required int parameter 'id' is not present","path":"/accounts"}]
2024-08-09T23:47:23.4155842 400 : [{"timestamp":"2024-08-10T06:47:23.403+00:00","status":400,"error":"Bad Request","message":"Required int parameter 'id' is not present","path":"/accounts"}]
2024-08-09T23:51:51.2964907 500 : [{"timestamp":"2024-08-10T06:51:51.285+00:00","status":500,"error":"Internal Server Error","message":"Cannot invoke \"java.lang.Integer.intValue()\" because \"id\" is null","path":"/accounts"}]
2024-08-09T23:52:10.8484343 500 : [{"timestamp":"2024-08-10T06:52:10.835+00:00","status":500,"error":"Internal Server Error","message":"Cannot invoke \"java.lang.Integer.intValue()\" because \"id\" is null","path":"/accounts"}]
2024-08-09T23:53:04.850107 500 : [{"timestamp":"2024-08-10T06:53:04.840+00:00","status":500,"error":"Internal Server Error","message":"Cannot invoke \"java.lang.Integer.intValue()\" because \"id\" is null","path":"/accounts"}]
2024-08-09T23:53:27.4837531 500 : [{"timestamp":"2024-08-10T06:53:27.473+00:00","status":500,"error":"Internal Server Error","message":"Cannot invoke \"java.lang.Integer.intValue()\" because \"id\" is null","path":"/accounts"}]
2024-08-09T23:54:00.6921003 500 : [{"timestamp":"2024-08-10T06:54:00.681+00:00","status":500,"error":"Internal Server Error","message":"Cannot invoke \"java.lang.Integer.intValue()\" because \"id\" is null","path":"/accounts"}]
2024-08-09T23:54:30.2816829 500 : [{"timestamp":"2024-08-10T06:54:30.271+00:00","status":500,"error":"Internal Server Error","message":"Cannot invoke \"java.lang.Integer.intValue()\" because \"id\" is null","path":"/accounts"}]
2024-08-09T23:57:20.5147022 500 : [{"timestamp":"2024-08-10T06:57:20.503+00:00","status":500,"error":"Internal Server Error","message":"Cannot invoke \"java.lang.Integer.intValue()\" because \"id\" is null","path":"/accounts"}]
2024-08-09T23:57:40.1781454 500 : [{"timestamp":"2024-08-10T06:57:40.168+00:00","status":500,"error":"Internal Server Error","message":"Cannot invoke \"java.lang.Integer.intValue()\" because \"id\" is null","path":"/accounts"}]
