2024-08-15T21:01:58.7874213 500 : [{"timestamp":"2024-08-16T04:01:58.774+00:00","status":500,"error":"Internal Server Error","message":"Failed to evaluate expression 'isAuthenicated()'","path":"/users/2001"}]
2024-08-15T21:01:58.8008576 500 : [{"timestamp":"2024-08-16T04:01:58.799+00:00","status":500,"error":"Internal Server Error","message":"Failed to evaluate expression 'isAuthenicated()'","path":"/users/2002"}]
2024-08-15T21:01:58.8118841 500 : [{"timestamp":"2024-08-16T04:01:58.811+00:00","status":500,"error":"Internal Server Error","message":"Failed to evaluate expression 'isAuthenicated()'","path":"/users/2002"}]
2024-08-15T21:04:14.8355196 400 : [{"timestamp":"2024-08-16T04:04:14.822+00:00","status":400,"error":"Bad Request","message":"Required int parameter 'userId' is not present","path":"/transfers/"}]
2024-08-15T21:05:15.0833982 400 : [{"timestamp":"2024-08-16T04:05:15.071+00:00","status":400,"error":"Bad Request","message":"Required int parameter 'userId' is not present","path":"/transfers/"}]
2024-08-15T21:05:15.0901534 400 : [{"timestamp":"2024-08-16T04:05:15.089+00:00","status":400,"error":"Bad Request","message":"Required int parameter 'userId' is not present","path":"/transfers/"}]
2024-08-15T21:05:21.8902392 400 : [{"timestamp":"2024-08-16T04:05:21.888+00:00","status":400,"error":"Bad Request","message":"Required int parameter 'userId' is not present","path":"/transfers/"}]
2024-08-15T21:05:21.8962748 400 : [{"timestamp":"2024-08-16T04:05:21.895+00:00","status":400,"error":"Bad Request","message":"Required int parameter 'userId' is not present","path":"/transfers/"}]
2024-08-15T21:07:37.0401856 400 : [{"timestamp":"2024-08-16T04:07:37.028+00:00","status":400,"error":"Bad Request","message":"Required int parameter 'userId' is not present","path":"/transfers/"}]
2024-08-15T21:07:37.0458671 400 : [{"timestamp":"2024-08-16T04:07:37.044+00:00","status":400,"error":"Bad Request","message":"Required int parameter 'userId' is not present","path":"/transfers/"}]
2024-08-15T21:08:09.1879828 400 : [{"timestamp":"2024-08-16T04:08:09.176+00:00","status":400,"error":"Bad Request","message":"Required int parameter 'userId' is not present","path":"/transfers/"}]
2024-08-15T21:08:09.1941442 400 : [{"timestamp":"2024-08-16T04:08:09.193+00:00","status":400,"error":"Bad Request","message":"Required int parameter 'userId' is not present","path":"/transfers/"}]
2024-08-15T21:11:19.9696446 400 : [{"timestamp":"2024-08-16T04:11:19.959+00:00","status":400,"error":"Bad Request","message":"Required int parameter 'userId' is not present","path":"/transfers/"}]
2024-08-15T21:11:19.9751581 400 : [{"timestamp":"2024-08-16T04:11:19.975+00:00","status":400,"error":"Bad Request","message":"Required int parameter 'userId' is not present","path":"/transfers/"}]
2024-08-15T21:14:25.8107596 404 : [{"timestamp":"2024-08-16T04:14:25.798+00:00","status":404,"error":"Not Found","message":"404 NOT_FOUND","path":"/transfers/0"}]
2024-08-15T21:15:22.4206061 404 : [{"timestamp":"2024-08-16T04:15:22.409+00:00","status":404,"error":"Not Found","message":"404 NOT_FOUND","path":"/transfers/-1"}]
2024-08-15T21:15:24.5147713 404 : [{"timestamp":"2024-08-16T04:15:24.513+00:00","status":404,"error":"Not Found","message":"404 NOT_FOUND","path":"/transfers/-1"}]
2024-08-15T21:15:27.6237964 404 : [{"timestamp":"2024-08-16T04:15:27.622+00:00","status":404,"error":"Not Found","message":"404 NOT_FOUND","path":"/transfers/-1"}]
2024-08-15T21:16:10.8152928 404 : [{"timestamp":"2024-08-16T04:16:10.803+00:00","status":404,"error":"Not Found","message":"404 NOT_FOUND","path":"/transfers/-1"}]
2024-08-15T21:16:13.354253 404 : [{"timestamp":"2024-08-16T04:16:13.353+00:00","status":404,"error":"Not Found","message":"404 NOT_FOUND","path":"/transfers/-1"}]
2024-08-15T21:16:14.9012631 404 : [{"timestamp":"2024-08-16T04:16:14.900+00:00","status":404,"error":"Not Found","message":"404 NOT_FOUND","path":"/transfers/-1"}]
2024-08-15T21:16:32.3747082 404 : [{"timestamp":"2024-08-16T04:16:32.364+00:00","status":404,"error":"Not Found","message":"404 NOT_FOUND","path":"/transfers/-1"}]
2024-08-15T21:17:19.1210528 404 : [{"timestamp":"2024-08-16T04:17:19.110+00:00","status":404,"error":"Not Found","message":"404 NOT_FOUND","path":"/transfers/-1"}]
2024-08-15T21:18:26.8611708 401 : [no body]
2024-08-15T21:18:33.0118212 404 : [{"timestamp":"2024-08-16T04:18:33.009+00:00","status":404,"error":"Not Found","message":"404 NOT_FOUND","path":"/transfers/-1"}]
2024-08-15T21:18:55.3788452 404 : [{"timestamp":"2024-08-16T04:18:55.367+00:00","status":404,"error":"Not Found","message":"404 NOT_FOUND","path":"/transfers/-1"}]
2024-08-15T21:19:38.6439741 404 : [{"timestamp":"2024-08-16T04:19:38.642+00:00","status":404,"error":"Not Found","message":"404 NOT_FOUND","path":"/transfers/-1"}]
2024-08-15T21:19:44.6127124 404 : [{"timestamp":"2024-08-16T04:19:44.611+00:00","status":404,"error":"Not Found","message":"404 NOT_FOUND","path":"/transfers/-1"}]
2024-08-15T21:19:46.9621081 404 : [{"timestamp":"2024-08-16T04:19:46.960+00:00","status":404,"error":"Not Found","message":"404 NOT_FOUND","path":"/transfers/-1"}]
2024-08-15T21:19:50.9662663 404 : [{"timestamp":"2024-08-16T04:19:50.965+00:00","status":404,"error":"Not Found","message":"404 NOT_FOUND","path":"/transfers/-1"}]
2024-08-15T21:19:53.2235689 404 : [{"timestamp":"2024-08-16T04:19:53.222+00:00","status":404,"error":"Not Found","message":"404 NOT_FOUND","path":"/transfers/-1"}]
2024-08-15T21:19:55.2509241 404 : [{"timestamp":"2024-08-16T04:19:55.250+00:00","status":404,"error":"Not Found","message":"404 NOT_FOUND","path":"/transfers/-1"}]
2024-08-15T21:19:58.3447177 404 : [{"timestamp":"2024-08-16T04:19:58.343+00:00","status":404,"error":"Not Found","message":"404 NOT_FOUND","path":"/transfers/-1"}]
2024-08-15T21:20:02.9017263 404 : [{"timestamp":"2024-08-16T04:20:02.900+00:00","status":404,"error":"Not Found","message":"404 NOT_FOUND","path":"/transfers/-1"}]
2024-08-15T21:20:04.8436741 404 : [{"timestamp":"2024-08-16T04:20:04.842+00:00","status":404,"error":"Not Found","message":"404 NOT_FOUND","path":"/transfers/-1"}]
2024-08-15T21:20:08.0645466 404 : [{"timestamp":"2024-08-16T04:20:08.064+00:00","status":404,"error":"Not Found","message":"404 NOT_FOUND","path":"/transfers/-1"}]
2024-08-15T21:20:15.0258756 404 : [{"timestamp":"2024-08-16T04:20:15.024+00:00","status":404,"error":"Not Found","message":"404 NOT_FOUND","path":"/transfers/-1"}]
2024-08-15T21:39:54.8007312 401 : [no body]
